Using pre-set license
Built from '2020.3/release' branch; Version is '2020.3.1f1 (77a89f25062f) revision 7841951'; Using compiler version '192528614'; Build Type 'Release'
OS: 'Windows 10 Pro; OS build 19041.928; Version 2004; 64bit' Language: 'en' Physical Memory: 16062 MB
BatchMode: 1, IsHumanControllingUs: 0, StartBugReporterOnCrash: 0, Is64bit: 1, IsPro: 0

 COMMAND LINE ARGUMENTS:
D:\!unity\2020.3.1f1\Editor\Unity.exe
-adb2
-batchMode
-noUpm
-name
AssetImportWorker0
-projectPath
D:/!unity/castle_game/castle_game
-logFile
Logs/AssetImportWorker0.log
-srvPort
53831
Successfully changed project path to: D:/!unity/castle_game/castle_game
D:/!unity/castle_game/castle_game
Using Asset Import Pipeline V2.
Refreshing native plugins compatible for Editor in 21.20 ms, found 2 plugins.
Preloading 0 native plugins for Editor in 0.00 ms.
Initialize engine version: 2020.3.1f1 (77a89f25062f)
[Subsystems] Discovering subsystems at path D:/!unity/2020.3.1f1/Editor/Data/Resources/UnitySubsystems
[Subsystems] Discovering subsystems at path D:/!unity/castle_game/castle_game/Assets
GfxDevice: creating device client; threaded=0
Direct3D:
    Version:  Direct3D 11.0 [level 11.1]
    Renderer: NVIDIA GeForce MX450 (ID=0x1f9c)
    Vendor:   
    VRAM:     1928 MB
    Driver:   27.21.14.5763
Initialize mono
Mono path[0] = 'D:/!unity/2020.3.1f1/Editor/Data/Managed'
Mono path[1] = 'D:/!unity/2020.3.1f1/Editor/Data/MonoBleedingEdge/lib/mono/unityjit'
Mono config path = 'D:/!unity/2020.3.1f1/Editor/Data/MonoBleedingEdge/etc'
Using monoOptions --debugger-agent=transport=dt_socket,embedding=1,server=y,suspend=n,address=127.0.0.1:56104
Begin MonoManager ReloadAssembly
Registering precompiled unity dll's ...
Register platform support module: D:/!unity/2020.3.1f1/Editor/Data/PlaybackEngines/WindowsStandaloneSupport/UnityEditor.WindowsStandalone.Extensions.dll
Registered in 0.000713 seconds.
Native extension for WindowsStandalone target not found
Refreshing native plugins compatible for Editor in 21.57 ms, found 2 plugins.
Preloading 0 native plugins for Editor in 0.00 ms.
Invoked RoslynAnalysisRunner static constructor.
RoslynAnalysisRunner will not be running.
RoslynAnalysisRunner has terminated.
Mono: successfully reloaded assembly
- Completed reload, in  1.167 seconds
Platform modules already initialized, skipping
Registering precompiled user dll's ...
Registered in 0.001613 seconds.
Begin MonoManager ReloadAssembly
Native extension for WindowsStandalone target not found
Refreshing native plugins compatible for Editor in 0.29 ms, found 2 plugins.
Preloading 0 native plugins for Editor in 0.00 ms.
Invoked RoslynAnalysisRunner static constructor.
RoslynAnalysisRunner will not be running.
RoslynAnalysisRunner has terminated.
Mono: successfully reloaded assembly
- Completed reload, in  0.875 seconds
Platform modules already initialized, skipping
========================================================================
Worker process is ready to serve import requests
Launched and connected shader compiler UnityShaderCompiler.exe after 0.06 seconds
Refreshing native plugins compatible for Editor in 0.26 ms, found 2 plugins.
Preloading 0 native plugins for Editor in 0.00 ms.
Unloading 1404 Unused Serialized files (Serialized files now loaded: 0)
System memory in use before: 66.9 MB.
System memory in use after: 67.0 MB.

Unloading 19 unused Assets to reduce memory usage. Loaded Objects now: 1840.
Total: 1.643700 ms (FindLiveObjects: 0.110700 ms CreateObjectMapping: 0.027600 ms MarkObjects: 1.414300 ms  DeleteObjects: 0.090200 ms)

========================================================================
Received Import Request.
  path: Assets/Prefabs/Game/Enemy.prefab
  artifactKey: Guid(a945fdf804ed2574c9ac6f851c70859e) Importer(815301076,1909f56bfc062723c751e8b465ee728b)
Start importing Assets/Prefabs/Game/Enemy.prefab using Guid(a945fdf804ed2574c9ac6f851c70859e) Importer(815301076,1909f56bfc062723c751e8b465ee728b)  -> (artifact id: '1a52c2300f95c0729be78d7f51005b0c') in 0.128464 seconds
  Import took 0.131534 seconds .

========================================================================
Received Import Request.
  Time since last request: 0.000271 seconds.
  path: Assets/Prefabs/Sword.prefab
  artifactKey: Guid(49920417ba1527f43850c2404028fb7f) Importer(815301076,1909f56bfc062723c751e8b465ee728b)
Start importing Assets/Prefabs/Sword.prefab using Guid(49920417ba1527f43850c2404028fb7f) Importer(815301076,1909f56bfc062723c751e8b465ee728b)  -> (artifact id: 'c4064029ba2e90c4c2b608c081cb21c0') in 0.008625 seconds
  Import took 0.011380 seconds .

========================================================================
Received Import Request.
  Time since last request: 0.000250 seconds.
  path: Assets/Prefabs/Game/Fireball.prefab
  artifactKey: Guid(fe448123b9b80b74d9f1ab5260ab41b8) Importer(815301076,1909f56bfc062723c751e8b465ee728b)
Start importing Assets/Prefabs/Game/Fireball.prefab using Guid(fe448123b9b80b74d9f1ab5260ab41b8) Importer(815301076,1909f56bfc062723c751e8b465ee728b)  -> (artifact id: '701a38c2209be4f20a8cf3975411fbd4') in 0.014435 seconds
  Import took 0.017805 seconds .

========================================================================
Received Import Request.
  Time since last request: 0.000353 seconds.
  path: Assets/Prefabs/Game/Player.prefab
  artifactKey: Guid(8198e3b67c99e4b4ca3d6ccd87920413) Importer(815301076,1909f56bfc062723c751e8b465ee728b)
Start importing Assets/Prefabs/Game/Player.prefab using Guid(8198e3b67c99e4b4ca3d6ccd87920413) Importer(815301076,1909f56bfc062723c751e8b465ee728b)  -> (artifact id: '01246cf277b16d4262ea5bce821ce545') in 0.012735 seconds
  Import took 0.015376 seconds .

========================================================================
Received Prepare
Refreshing native plugins compatible for Editor in 1.88 ms, found 2 plugins.
Preloading 0 native plugins for Editor in 0.00 ms.
Unloading 12 Unused Serialized files (Serialized files now loaded: 0)
System memory in use before: 43.0 MB.
System memory in use after: 43.1 MB.

Unloading 13 unused Assets to reduce memory usage. Loaded Objects now: 1848.
Total: 2.275800 ms (FindLiveObjects: 0.161400 ms CreateObjectMapping: 0.044800 ms MarkObjects: 2.006900 ms  DeleteObjects: 0.061200 ms)

========================================================================
Received Import Request.
  Time since last request: 10.526930 seconds.
  path: Assets/Prefabs/Game/Fireball.prefab
  artifactKey: Guid(fe448123b9b80b74d9f1ab5260ab41b8) Importer(815301076,1909f56bfc062723c751e8b465ee728b)
Start importing Assets/Prefabs/Game/Fireball.prefab using Guid(fe448123b9b80b74d9f1ab5260ab41b8) Importer(815301076,1909f56bfc062723c751e8b465ee728b)  -> (artifact id: '6a31bec0231e327ac25f4f715b0dc957') in 0.013902 seconds
  Import took 0.016621 seconds .

========================================================================
Received Import Request.
  Time since last request: 1.922689 seconds.
  path: Assets/Prefabs/Game/Fireball.prefab
  artifactKey: Guid(fe448123b9b80b74d9f1ab5260ab41b8) Importer(815301076,1909f56bfc062723c751e8b465ee728b)
Start importing Assets/Prefabs/Game/Fireball.prefab using Guid(fe448123b9b80b74d9f1ab5260ab41b8) Importer(815301076,1909f56bfc062723c751e8b465ee728b)  -> (artifact id: 'b562dec0eda54fbca2c4b7d6ab2bf137') in 0.023241 seconds
  Import took 0.025759 seconds .

========================================================================
Received Import Request.
  Time since last request: 2.476872 seconds.
  path: Assets/Prefabs/Game/Fireball.prefab
  artifactKey: Guid(fe448123b9b80b74d9f1ab5260ab41b8) Importer(815301076,1909f56bfc062723c751e8b465ee728b)
Start importing Assets/Prefabs/Game/Fireball.prefab using Guid(fe448123b9b80b74d9f1ab5260ab41b8) Importer(815301076,1909f56bfc062723c751e8b465ee728b)  -> (artifact id: 'cf9372e88197e327a4a4ef9e275526f6') in 0.013551 seconds
  Import took 0.017175 seconds .

========================================================================
Received Prepare
Registering precompiled user dll's ...
Registered in 0.005919 seconds.
Begin MonoManager ReloadAssembly
Native extension for WindowsStandalone target not found
Refreshing native plugins compatible for Editor in 0.28 ms, found 2 plugins.
Preloading 0 native plugins for Editor in 0.00 ms.
Invoked RoslynAnalysisRunner static constructor.
RoslynAnalysisRunner will not be running.
RoslynAnalysisRunner has terminated.
Mono: successfully reloaded assembly
- Completed reload, in  0.746 seconds
Platform modules already initialized, skipping
Refreshing native plugins compatible for Editor in 0.28 ms, found 2 plugins.
Preloading 0 native plugins for Editor in 0.00 ms.
Unloading 1386 Unused Serialized files (Serialized files now loaded: 0)
System memory in use before: 69.1 MB.
System memory in use after: 69.1 MB.

Unloading 14 unused Assets to reduce memory usage. Loaded Objects now: 1851.
Total: 2.630000 ms (FindLiveObjects: 0.285700 ms CreateObjectMapping: 0.080900 ms MarkObjects: 2.124500 ms  DeleteObjects: 0.137300 ms)

========================================================================
Received Prepare
Registering precompiled user dll's ...
Registered in 0.004022 seconds.
Begin MonoManager ReloadAssembly
Native extension for WindowsStandalone target not found
Refreshing native plugins compatible for Editor in 0.29 ms, found 2 plugins.
Preloading 0 native plugins for Editor in 0.00 ms.
Invoked RoslynAnalysisRunner static constructor.
RoslynAnalysisRunner will not be running.
RoslynAnalysisRunner has terminated.
Mono: successfully reloaded assembly
- Completed reload, in  1.017 seconds
Platform modules already initialized, skipping
Refreshing native plugins compatible for Editor in 0.27 ms, found 2 plugins.
Preloading 0 native plugins for Editor in 0.00 ms.
Unloading 1386 Unused Serialized files (Serialized files now loaded: 0)
System memory in use before: 69.1 MB.
System memory in use after: 69.2 MB.

Unloading 14 unused Assets to reduce memory usage. Loaded Objects now: 1854.
Total: 3.754700 ms (FindLiveObjects: 0.248800 ms CreateObjectMapping: 0.079100 ms MarkObjects: 3.309100 ms  DeleteObjects: 0.116300 ms)

========================================================================
Received Prepare
Registering precompiled user dll's ...
Registered in 0.005065 seconds.
Begin MonoManager ReloadAssembly
Native extension for WindowsStandalone target not found
Refreshing native plugins compatible for Editor in 0.36 ms, found 2 plugins.
Preloading 0 native plugins for Editor in 0.00 ms.
Invoked RoslynAnalysisRunner static constructor.
RoslynAnalysisRunner will not be running.
RoslynAnalysisRunner has terminated.
Mono: successfully reloaded assembly
- Completed reload, in  0.957 seconds
Platform modules already initialized, skipping
Refreshing native plugins compatible for Editor in 0.27 ms, found 2 plugins.
Preloading 0 native plugins for Editor in 0.00 ms.
Unloading 1386 Unused Serialized files (Serialized files now loaded: 0)
System memory in use before: 69.1 MB.
System memory in use after: 69.2 MB.

Unloading 14 unused Assets to reduce memory usage. Loaded Objects now: 1857.
Total: 2.158700 ms (FindLiveObjects: 0.155700 ms CreateObjectMapping: 0.056600 ms MarkObjects: 1.517600 ms  DeleteObjects: 0.427400 ms)

========================================================================
Received Import Request.
  Time since last request: 738.213725 seconds.
  path: Assets/Scripts/FireBallTrigger.cs
  artifactKey: Guid(13e7e71c968089b4d8e1eae9146fb0d8) Importer(815301076,1909f56bfc062723c751e8b465ee728b)
Start importing Assets/Scripts/FireBallTrigger.cs using Guid(13e7e71c968089b4d8e1eae9146fb0d8) Importer(815301076,1909f56bfc062723c751e8b465ee728b)  -> (artifact id: '2ab36b15718a003898d6746056d5ea6b') in 0.025254 seconds
  Import took 0.030004 seconds .

========================================================================
Received Import Request.
  Time since last request: 0.000753 seconds.
  path: Assets/Scripts/PlayerNavController.cs
  artifactKey: Guid(df248a844f37f5f49a212559a6b2aa0f) Importer(815301076,1909f56bfc062723c751e8b465ee728b)
Start importing Assets/Scripts/PlayerNavController.cs using Guid(df248a844f37f5f49a212559a6b2aa0f) Importer(815301076,1909f56bfc062723c751e8b465ee728b)  -> (artifact id: 'd703e286cf1ad91f5b47063971e464ba') in 0.001654 seconds
  Import took 0.004441 seconds .

========================================================================
Received Import Request.
  Time since last request: 75.766475 seconds.
  path: Assets/Scripts/PlayerNavController.cs
  artifactKey: Guid(df248a844f37f5f49a212559a6b2aa0f) Importer(815301076,1909f56bfc062723c751e8b465ee728b)
Start importing Assets/Scripts/PlayerNavController.cs using Guid(df248a844f37f5f49a212559a6b2aa0f) Importer(815301076,1909f56bfc062723c751e8b465ee728b)  -> (artifact id: '3900ecfa1a281738d3277a3f04c495b7') in 0.002473 seconds
  Import took 0.007440 seconds .

========================================================================
Received Import Request.
  Time since last request: 24.691319 seconds.
  path: Assets/Scripts/PlayerStats.cs
  artifactKey: Guid(d8bfd3b8758c8c64f88937935b803013) Importer(815301076,1909f56bfc062723c751e8b465ee728b)
Start importing Assets/Scripts/PlayerStats.cs using Guid(d8bfd3b8758c8c64f88937935b803013) Importer(815301076,1909f56bfc062723c751e8b465ee728b)  -> (artifact id: '9ef1124369917a35b125b772a61bcd0a') in 0.001522 seconds
  Import took 0.003936 seconds .

========================================================================
Received Import Request.
  Time since last request: 0.003448 seconds.
  path: Assets/Scripts/PlayerStats.cs
  artifactKey: Guid(d8bfd3b8758c8c64f88937935b803013) Importer(815301076,1909f56bfc062723c751e8b465ee728b)
Start importing Assets/Scripts/PlayerStats.cs using Guid(d8bfd3b8758c8c64f88937935b803013) Importer(815301076,1909f56bfc062723c751e8b465ee728b)  -> (artifact id: '9ef1124369917a35b125b772a61bcd0a') in 0.001727 seconds
  Import took 0.004338 seconds .

========================================================================
Received Import Request.
  Time since last request: 1.462014 seconds.
  path: Assets/Scripts/ColdWeapon.cs
  artifactKey: Guid(a0cd14a31e65a7349a2a377bd09d51f3) Importer(815301076,1909f56bfc062723c751e8b465ee728b)
Start importing Assets/Scripts/ColdWeapon.cs using Guid(a0cd14a31e65a7349a2a377bd09d51f3) Importer(815301076,1909f56bfc062723c751e8b465ee728b)  -> (artifact id: 'b1e127fc8d97fe0521edbe27c9c50dc0') in 0.002955 seconds
  Import took 0.005486 seconds .

========================================================================
Received Import Request.
  Time since last request: 0.000874 seconds.
  path: Assets/Scripts/ColdWeapon.cs
  artifactKey: Guid(a0cd14a31e65a7349a2a377bd09d51f3) Importer(815301076,1909f56bfc062723c751e8b465ee728b)
Start importing Assets/Scripts/ColdWeapon.cs using Guid(a0cd14a31e65a7349a2a377bd09d51f3) Importer(815301076,1909f56bfc062723c751e8b465ee728b)  -> (artifact id: 'b1e127fc8d97fe0521edbe27c9c50dc0') in 0.001443 seconds
  Import took 0.004102 seconds .

========================================================================
Received Prepare
Registering precompiled user dll's ...
Registered in 0.005218 seconds.
Begin MonoManager ReloadAssembly
Native extension for WindowsStandalone target not found
Refreshing native plugins compatible for Editor in 0.56 ms, found 2 plugins.
Preloading 0 native plugins for Editor in 0.00 ms.
Invoked RoslynAnalysisRunner static constructor.
RoslynAnalysisRunner will not be running.
RoslynAnalysisRunner has terminated.
Mono: successfully reloaded assembly
- Completed reload, in  1.531 seconds
Platform modules already initialized, skipping
Refreshing native plugins compatible for Editor in 0.65 ms, found 2 plugins.
Preloading 0 native plugins for Editor in 0.00 ms.
Unloading 1386 Unused Serialized files (Serialized files now loaded: 0)
System memory in use before: 69.1 MB.
System memory in use after: 69.2 MB.

Unloading 14 unused Assets to reduce memory usage. Loaded Objects now: 1860.
Total: 5.919000 ms (FindLiveObjects: 0.414800 ms CreateObjectMapping: 0.057300 ms MarkObjects: 5.359600 ms  DeleteObjects: 0.085500 ms)

========================================================================
Received Prepare
Registering precompiled user dll's ...
Registered in 0.004470 seconds.
Begin MonoManager ReloadAssembly
Native extension for WindowsStandalone target not found
Refreshing native plugins compatible for Editor in 0.28 ms, found 2 plugins.
Preloading 0 native plugins for Editor in 0.00 ms.
Invoked RoslynAnalysisRunner static constructor.
RoslynAnalysisRunner will not be running.
RoslynAnalysisRunner has terminated.
Mono: successfully reloaded assembly
- Completed reload, in  0.841 seconds
Platform modules already initialized, skipping
Refreshing native plugins compatible for Editor in 0.29 ms, found 2 plugins.
Preloading 0 native plugins for Editor in 0.00 ms.
Unloading 1386 Unused Serialized files (Serialized files now loaded: 0)
System memory in use before: 69.1 MB.
System memory in use after: 69.2 MB.

Unloading 14 unused Assets to reduce memory usage. Loaded Objects now: 1863.
Total: 3.561800 ms (FindLiveObjects: 0.133700 ms CreateObjectMapping: 0.052600 ms MarkObjects: 3.231800 ms  DeleteObjects: 0.142500 ms)

========================================================================
Received Prepare
Registering precompiled user dll's ...
Registered in 0.004325 seconds.
Begin MonoManager ReloadAssembly
Native extension for WindowsStandalone target not found
Refreshing native plugins compatible for Editor in 0.44 ms, found 2 plugins.
Preloading 0 native plugins for Editor in 0.00 ms.
Invoked RoslynAnalysisRunner static constructor.
RoslynAnalysisRunner will not be running.
RoslynAnalysisRunner has terminated.
Mono: successfully reloaded assembly
- Completed reload, in  1.072 seconds
Platform modules already initialized, skipping
Refreshing native plugins compatible for Editor in 0.34 ms, found 2 plugins.
Preloading 0 native plugins for Editor in 0.00 ms.
Unloading 1386 Unused Serialized files (Serialized files now loaded: 0)
System memory in use before: 69.1 MB.
System memory in use after: 69.2 MB.

Unloading 14 unused Assets to reduce memory usage. Loaded Objects now: 1866.
Total: 1.686900 ms (FindLiveObjects: 0.123900 ms CreateObjectMapping: 0.040800 ms MarkObjects: 1.418400 ms  DeleteObjects: 0.102400 ms)

========================================================================
Received Prepare
Registering precompiled user dll's ...
Registered in 0.006665 seconds.
Begin MonoManager ReloadAssembly
Native extension for WindowsStandalone target not found
Refreshing native plugins compatible for Editor in 0.53 ms, found 2 plugins.
Preloading 0 native plugins for Editor in 0.00 ms.
Invoked RoslynAnalysisRunner static constructor.
RoslynAnalysisRunner will not be running.
RoslynAnalysisRunner has terminated.
Mono: successfully reloaded assembly
- Completed reload, in  1.997 seconds
Platform modules already initialized, skipping
Refreshing native plugins compatible for Editor in 0.37 ms, found 2 plugins.
Preloading 0 native plugins for Editor in 0.00 ms.
Unloading 1386 Unused Serialized files (Serialized files now loaded: 0)
System memory in use before: 69.2 MB.
System memory in use after: 69.2 MB.

Unloading 14 unused Assets to reduce memory usage. Loaded Objects now: 1869.
Total: 4.258700 ms (FindLiveObjects: 0.227100 ms CreateObjectMapping: 0.065000 ms MarkObjects: 3.834500 ms  DeleteObjects: 0.130000 ms)

========================================================================
Received Prepare
Registering precompiled user dll's ...
Registered in 0.003596 seconds.
Begin MonoManager ReloadAssembly
Native extension for WindowsStandalone target not found
Refreshing native plugins compatible for Editor in 0.75 ms, found 2 plugins.
Preloading 0 native plugins for Editor in 0.00 ms.
Invoked RoslynAnalysisRunner static constructor.
RoslynAnalysisRunner will not be running.
RoslynAnalysisRunner has terminated.
Mono: successfully reloaded assembly
- Completed reload, in  1.813 seconds
Platform modules already initialized, skipping
Refreshing native plugins compatible for Editor in 0.59 ms, found 2 plugins.
Preloading 0 native plugins for Editor in 0.00 ms.
Unloading 1386 Unused Serialized files (Serialized files now loaded: 0)
System memory in use before: 69.2 MB.
System memory in use after: 69.2 MB.

Unloading 14 unused Assets to reduce memory usage. Loaded Objects now: 1872.
Total: 2.294500 ms (FindLiveObjects: 0.380100 ms CreateObjectMapping: 0.078400 ms MarkObjects: 1.756800 ms  DeleteObjects: 0.072900 ms)

AssetImportWorkerClient::OnTransportError - code=2 error=End of file
